Michkova vs. HunOL —http://ru.lichess.org/ftlvzmte

Чатлог:

fat0troll: понеслась
fat0troll: о, я не один в чятике)
iVS: и я тут с попкорном :) удачи всем!
fat0troll: я тоже))
fat0troll: удачи всем, и особенно Мичковой)
aptypr: чёт мало народу)
aptypr: конём ходи!!
fat0troll: это первый опыт игры онлайн
fat0troll: надо потом будет турнир в лорподкасте осветить)
fat0troll: о, нас уже 5-ро)
fat0troll: понеслась!
iVS: понеслась!
fat0troll: эм
fat0troll: веселое начало)
Anonymous: а еще на Камского гонят, со 2 хода пурга)
fat0troll: бгг
fat0troll: второй ход вообще збс
aptypr: лол, кто на Камского гнал?
Anonymous: Гремлин
fat0troll: гремлин нас читает, кстати
gremlin_the_red: Я гнал
gremlin_the_red: Ну 21. Фh2 можно было увидеть, гросс ведь
fat0troll: да неужели началось сжирание пешек)
fat0troll: гремлин, гроссы — тоже люди
fat0troll: и им свойственно зевать тоже)
Anonymous: я развернул доску на сторону Мичковой
fat0troll: интересно, попадем ли мы в самые популярные партии личесса за сегодня?
fat0troll: у меня доска на стороне Мичковой изначально
gremlin_the_red: Мне, кстати, в субботу довелось с гроссом Романом Овечкиным в блиц поиграть
fat0troll: и как ощущения? какой счет?
gremlin_the_red: 0 - 1 в его пользу )
fat0troll: дык
gremlin_the_red: в турнире дело было
Anonymous: это который Rov
fat0troll: что за турнир? с каким результатом ты его отыграл?
gremlin_the_red: 64 участника, один гросс, 10 мастеров
fat0troll: Ъ
gremlin_the_red: я набра 8/13
fat0troll: Ъ!
fat0troll: ханол сознательно отдает пешки?
Anonymous: щас пойду на chessresult, спалю кто ты
fat0troll: не удивлюсь, если там еще и кто-нибудь из Мичковых есть (она не одна в шахматах плотно сидит в семье)
fat0troll: ханол задумывает явно недоброе)
Anonymous: черные поняли что приплыли и задумались
fat0troll: так-таки и приплыли?
fat0troll: не рановато-ли так говорить?
fat0troll: хотя, зная Мичкову — ей только палец дай, руку откусит
fat0troll: но зачем?!
fat0troll: nice try)
Anonymous: (((
fat0troll: вот что это за ход, бл*?
fat0troll: где смысл, объясните, плиииз
gremlin_the_red: Мда, стоило партейку сыграть, а тут уже у чёрных всё
fat0troll: думаешь, черным никуда уже не вывернуться?
gremlin_the_red: Я не вижу как
fat0troll: и да, как самый Ъ здесь — объясни, пожалуйста, этот ход с пешкой
fat0troll: просто время потянуть или таки есть там тактика?
gremlin_the_red: Про какой ход речь?
Anonymous: тактика была f5 но я не уверен
Anonymous: сразу
Anonymous: без е4
gremlin_the_red: е4-е5 - нормальный план с поддержкой своей далеко продвинутой проходной
gremlin_the_red: а сейчас уже тупо д7 можно
fat0troll: ок
fat0troll: д7-то можно, но ладью тоже спасти охота, наверно
gremlin_the_red: Ладья неуязвима из-за мата
gremlin_the_red: была
fat0troll: ну она предпочла увести ладью
fat0troll: смысл хода черных представляется мне ОЧЕНЬ сомнительным
gremlin_the_red: А ловить уже нечего было
gremlin_the_red: Остаётся рыбка в мутной воде
fat0troll: ну тут уже да
fat0troll: походу через 10-15 ходов мы узреем 1-0
Anonymous: ))))
Anonymous: или 0-1
fat0troll: фанаты Мичковой могут начинать откупоривать пенное)
gremlin_the_red: Интересное решение, даже я такого включения ферзя на поле д8 не видел )
Anonymous: бей пешку фредди
gremlin_the_red: А если не брать, то тупо б7 решает
gremlin_the_red: Осталось Лд7 попробовать )))
gremlin_the_red: а вдруг возьмёт
fat0troll: вдруг — это тогда будет просто эпическое везение
Anonymous: черным все равно хана
fat0troll: хотя стратегически уже пофику
fat0troll: надо будет как-нибудь организовать международную лигу шахматистов-линуксоидов
fat0troll: =)
gremlin_the_red: Эх, могла заруба пойти после Лд7.
fat0troll: у нас еще есть пешка на а2
fat0troll: можно ее сейчас продвинуть, лол
iVS: пешку можно было брать на в7
iVS: d7
gremlin_the_red: Скажем Лд7 ба Лг2+!!
fat0troll: мне интересно, когда он догадается сделать h3, чтобы не получить простой мат на линии?
iVS: мат, если бы белые на взятие на d7 ответили взятием
gremlin_the_red: Я про взятие пешки а7 в этом случае
gremlin_the_red: Лг2 - красиво и смертельно
gremlin_the_red: Так что лучший шанс чёрных был
fat0troll: ух ты, ладья-ловушка!
iVS: какой шанс у черных, не видел
fat0troll: зевки решают)
Anonymous: е8 имхо
iVS: зевков не было, вы что?
gremlin_the_red: Фаталити
iVS: Бруталити
Anonymous: зделайте анализ стокфиша кто зареган
fat0troll: брутально!
fat0troll: под SOAD в наушниках смотрится вообще офигенно))
iVS: а вторая когда?
fat0troll: сегодня же
fat0troll: после первой
iVS: между первой и второй...