HunOL vs. Michkova — http://ru.lichess.org/yi0xgqrb/black

iVS: продолжение банкета
fat0troll: о да
fat0troll: вкуснейший банкет
gremlin_the_red: Завтра, ктсати, в турнире, на который я ссылку в теме кидал, интересные тайбрейки будут. Так что любителям шахмат советую посмотреть.
fat0troll: будет время — посмотрю
fat0troll: во сколько там начало?
gremlin_the_red: В 5 по москве
fat0troll: утра или вечера?)
fat0troll: спс) возможно погляжу)
gremlin_the_red: Вечера, само собой )
fat0troll: :)
fat0troll: что-то Мичкова на этом ходу подзавился)
fat0troll: зависла)
gremlin_the_red: Вообще, международники на сов расчитаны - обычно начинают 3пп по местному
gremlin_the_red: у чёрных уже плохо
fat0troll: а заканчивают во сколько?
fat0troll: что-то черные да, подводят…
gremlin_the_red: Две партии 25+10, потом блиц 10+10, если потребуется, потом 5+3, потом 5вс4
fat0troll: в этот раз подзавис уже ханол
fat0troll: а не, уже сходил)
fat0troll: ЩИТО?
fat0troll: хм, а чо, неплохой вариант)
iVS: все правильно
gremlin_the_red: Мда, белым капут
fat0troll: быстро
fat0troll: не рановато ли им капут объявлять?
gremlin_the_red: Фд4 и чего делать?
fat0troll: ЕМНИП, произошедшее сейчас называется 'просрать качество'
fat0troll: правильно?
gremlin_the_red: Ладно бы качество
gremlin_the_re: А то полармии в минус
fat0troll: ну да
fat0troll: тут только дай волю
iVS: определенно черным повезло, что был ход конем на e3, иначе им было плохо
fat0troll: да им и так уже плохо, походу
gremlin_the_red: Где плохо? Фф6 и поехали
gremlin_the_re: Временные связки ничего не дают белым
fat0troll: тьфу, я запутался, да
fat0troll: плохо стало белым)
gremlin_the_red: А вот б5 - стратегически ошибочный ход
iVS: правильно, вывести слона, после чего ввести ладьи
gremlin_the_red: Слон надолго вне игры остаётся
iVS: есть же ладьи
iVS: ход h6 определенно был ошибкой
fat0troll: пожалуй, плюсану
gremlin_the_re: Да ладно, сейчас есть простая игра - ф4-ф3
fat0troll: НАФИГА?!
iVS: у белых есть конь c5
gremlin_the_red: и аш6 может быть полезным
fat0troll: мне кажется, или у белых появляются перспективы?
fat0troll: ход ферзем был явно не к месту
iVS: я вже не понимаю, что мешало Фg5
gremlin_the_red: Лд6!
fat0troll: the ultimate solution? :)
iVS: чего подсказываешь? так нельзя
gremlin_the_red: И от Кг6 защиты не видно
fat0troll: игроки чатик не видят
iVS: и хорошо!
fat0troll: о, ханол послушался гремлина
iVS: и все дурацкий ход h6 - из-за него теперь вилка
fat0troll: именно такие партии и называются зубодробительными
iVS: да тут побоище!
fat0troll: на самом деле я начинаю побаиваться, что Мичкова сольет по времени
iVS: хотя слона можно брать, черного
gremlin_the_red: Избиение
fat0troll: избиение кого и кем?)
iVS: избиение младенца
fat0troll: вот я и уточняю, кто младенец
iVS: триллер
fat0troll: дык
gremlin_the_red: не тем на е6 взял
fat0troll: лорчесс он такой :3
iVS: да, ладья лучше
gremlin_the_red: А то было бы избиение
fat0troll: ух, сейчас пойдет веселуха
iVS: ух, поперло
iVS: ого!
gremlin_the_red: А сейчас уже белым плохо
iVS: пока слон держит белые поля
fat0troll: настоящая партия за чемпионство
fat0troll: драма, сопли, все дела
iVS: вау
fat0troll: лишь бы только времени хватило
iVS: осталось белым пожертвовать ладью на h6
fat0troll: и что им эта жертва даст, а?
gremlin_the_red: Есть нормальный ход Фн4
iVS: ничего
iVS: но сейчас есть h5
iVS: голосую за h5
fat0troll: голос принят)
Anonymous: и что ? размен ферзей
fat0troll: кстати, а кто у нас тут из-под анона сидит?)
iVS: не я
fat0troll: ну не ты, это точно :-D
gremlin_the_red: Опять не ту фигуру на то поле
gremlin_the_red: Ладья же должна была там встать
fat0troll: красный отсчет времени, нервы, нервы
iVS: да, хотя сложно избежать размена ферзей
fat0troll: минус ферзи
iVS: похоже, кто-то в жуткой цейтноте. нервы
fat0troll: ога
fat0troll: таймер неприлично неудобный
iVS: почему
fat0troll: потому что в конечном итоге будет по 5 секунд на ход
fat0troll: что есть нехорошо и ваще
iVS: но играть-то можно будет
gremlin_the_red: Ахха
fat0troll: нервишки-то огого
gremlin_the_re: Пиздец подкрался незаметно
iVS: точно-точно
fat0troll: ход на 5, смотрю
fat0troll: раз ханол так долго размышлял
iVS: даже с нормальным временем, черным уже не светит выиграть. тут бы убежать
fat0troll: ну тут про*б в самом начале был
fat0troll: потом вроде как отыгралась
fat0troll: а тут из-за времени начала пургу гнать
fat0troll: результаты вот они
gremlin_the_red: н4 и всё
gremlin_the_red: фейспалм
fat0troll: пфе
gremlin_the_red: дублфейспалм
fat0troll: ща будет триплфейспалм, походу
gremlin_the_red: Она ещё и выиграет
iVS: таки да
gremlin_the_red: Ага
iVS: просто жесть
gremlin_the_red: Здец
iVS: что творит!
gremlin_the_red: Без времени, без позиции, без нихуя и выиграть.
fat0troll: все, приплыли
gremlin_the_red: Это 5
fat0troll: а не, ещ не все
fat0troll: кто там вопил на ЛОРе, что +5 секунд на ход это нечестно?
iVS: не я
fat0troll: пешки, пешки…
Anonymous: ничья
iVS: делает пусть ничью
fat0troll: он может потянуть время, как ни странно
gremlin_the_red: всё
fat0troll: кекеке
iVS: ух ты, зевнул
fat0troll: п*здец котенку
iVS: беспредел творят
iVS: все, Олег ушел?
iVS: а вернулся!
fat0troll: кто там гнал на Камского?)))
fat0troll: ничью хочет
iVS: вот и все, капец пешке
fat0troll: я бы сказал даже, капец хунолу
iVS: все
fat0troll: получите
fat0troll: распишитесь
iVS: нифига себе
fat0troll: без ничего, без времени, без позиции
iVS: честно скажу, я так не могу
iVS: видимо, первое место в кармане
fat0troll: получите, распишитесь, перед нами фактически первый чемпион лорчесса
fat0troll: остался 11-тый тур, если не случится чуда — пора готовить медальки
iVS: всем спасибо. посоны, расходимся
fat0troll: удачи, чо)